[2022-03-08 00:51:19] local.ERROR: View [examples.hello_world] not found. {"exception":"[object] (InvalidArgumentException(code: 0): View [examples.hello_world] not found. at /home/efren/Documentos/Proyectos_php/miPrimerWeb/vendor/laravel/framework/src/Illuminate/View/FileViewFinder.php:137)
[stacktrace]
#0 /home/efren/Documentos/Proyectos_php/miPrimerWeb/vendor/laravel/framework/src/Illuminate/View/FileViewFinder.php(79): Illuminate\\View\\FileViewFinder->findInPaths()
#1 /home/efren/Documentos/Proyectos_php/miPrimerWeb/vendor/laravel/framework/src/Illuminate/View/Factory.php(138): Illuminate\\View\\FileViewFinder->find()
#2 /home/efren/Documentos/Proyectos_php/miPrimerWeb/vendor/laravel/framework/src/Illuminate/Foundation/helpers.php(932): Illuminate\\View\\Factory->make()
#3 /home/efren/Documentos/Proyectos_php/miPrimerWeb/routes/web.php(20): view()
#4 /home/efren/Documentos/Proyectos_php/miPrimerWeb/vendor/laravel/framework/src/Illuminate/Routing/Route.php(238): Illuminate\\Routing\\RouteFileRegistrar->{closure}()
#5 /home/efren/Documentos/Proyectos_php/miPrimerWeb/vendor/laravel/framework/src/Illuminate/Routing/Route.php(208): Illuminate\\Routing\\Route->runCallable()
#6 /home/efren/Documentos/Proyectos_php/miPrimerWeb/vendor/laravel/framework/src/Illuminate/Routing/Router.php(721): Illuminate\\Routing\\Route->run()
#7 /home/efren/Documentos/Proyectos_php/miPrimerWeb/vendor/laravel/framework/src/Illuminate/Pipeline/Pipeline.php(128): Illuminate\\Routing\\Router->Illuminate\\Routing\\{closure}()
#8 /home/efren/Documentos/Proyectos_php/miPrimerWeb/vendor/laravel/framework/src/Illuminate/Routing/Middleware/SubstituteBindings.php(50): Illuminate\\Pipeline\\Pipeline->Illuminate\\Pipeline\\{closure}()
#9 /home/efren/Documentos/Proyectos_php/miPrimerWeb/vendor/laravel/framework/src/Illuminate/Pipeline/Pipeline.php(167): Illuminate\\Routing\\Middleware\\SubstituteBindings->handle()
#10 /home/efren/Documentos/Proyectos_php/miPrimerWeb/vendor/laravel/framework/src/Illuminate/Foundation/Http/Middleware/VerifyCsrfToken.php(78): Illuminate\\Pipeline\\Pipeline->Illuminate\\Pipeline\\{closure}()
#11 /home/efren/Documentos/Proyectos_php/miPrimerWeb/vendor/laravel/framework/src/Illuminate/Pipeline/Pipeline.php(167): Illuminate\\Foundation\\Http\\Middleware\\VerifyCsrfToken->handle()
#12 /home/efren/Documentos/Proyectos_php/miPrimerWeb/vendor/laravel/framework/src/Illuminate/View/Middleware/ShareErrorsFromSession.php(49): Illuminate\\Pipeline\\Pipeline->Illuminate\\Pipeline\\{closure}()
#13 /home/efren/Documentos/Proyectos_php/miPrimerWeb/vendor/laravel/framework/src/Illuminate/Pipeline/Pipeline.php(167): Illuminate\\View\\Middleware\\ShareErrorsFromSession->handle()
#14 /home/efren/Documentos/Proyectos_php/miPrimerWeb/vendor/laravel/framework/src/Illuminate/Session/Middleware/StartSession.php(121): Illuminate\\Pipeline\\Pipeline->Illuminate\\Pipeline\\{closure}()
#15 /home/efren/Documentos/Proyectos_php/miPrimerWeb/vendor/laravel/framework/src/Illuminate/Session/Middleware/StartSession.php(64): Illuminate\\Session\\Middleware\\StartSession->handleStatefulRequest()
#16 /home/efren/Documentos/Proyectos_php/miPrimerWeb/vendor/laravel/framework/src/Illuminate/Pipeline/Pipeline.php(167): Illuminate\\Session\\Middleware\\StartSession->handle()
#17 /home/efren/Documentos/Proyectos_php/miPrimerWeb/vendor/laravel/framework/src/Illuminate/Cookie/Middleware/AddQueuedCookiesToResponse.php(37): Illuminate\\Pipeline\\Pipeline->Illuminate\\Pipeline\\{closure}()
#18 /home/efren/Documentos/Proyectos_php/miPrimerWeb/vendor/laravel/framework/src/Illuminate/Pipeline/Pipeline.php(167): Illuminate\\Cookie\\Middleware\\AddQueuedCookiesToResponse->handle()
#19 /home/efren/Documentos/Proyectos_php/miPrimerWeb/vendor/laravel/framework/src/Illuminate/Cookie/Middleware/EncryptCookies.php(67): Illuminate\\Pipeline\\Pipeline->Illuminate\\Pipeline\\{closure}()
#20 /home/efren/Documentos/Proyectos_php/miPrimerWeb/vendor/laravel/framework/src/Illuminate/Pipeline/Pipeline.php(167): Illuminate\\Cookie\\Middleware\\EncryptCookies->handle()
#21 /home/efren/Documentos/Proyectos_php/miPrimerWeb/vendor/laravel/framework/src/Illuminate/Pipeline/Pipeline.php(103): Illuminate\\Pipeline\\Pipeline->Illuminate\\Pipeline\\{closure}()
#22 /home/efren/Documentos/Proyectos_php/miPrimerWeb/vendor/laravel/framework/src/Illuminate/Routing/Router.php(723): Illuminate\\Pipeline\\Pipeline->then()
#23 /home/efren/Documentos/Proyectos_php/miPrimerWeb/vendor/laravel/framework/src/Illuminate/Routing/Router.php(698): Illuminate\\Routing\\Router->runRouteWithinStack()
#24 /home/efren/Documentos/Proyectos_php/miPrimerWeb/vendor/laravel/framework/src/Illuminate/Routing/Router.php(662): Illuminate\\Routing\\Router->runRoute()
#25 /home/efren/Documentos/Proyectos_php/miPrimerWeb/vendor/laravel/framework/src/Illuminate/Routing/Router.php(651): Illuminate\\Routing\\Router->dispatchToRoute()
#26 /home/efren/Documentos/Proyectos_php/miPrimerWeb/vendor/laravel/framework/src/Illuminate/Foundation/Http/Kernel.php(167): Illuminate\\Routing\\Router->dispatch()
#27 /home/efren/Documentos/Proyectos_php/miPrimerWeb/vendor/laravel/framework/src/Illuminate/Pipeline/Pipeline.php(128): Illuminate\\Foundation\\Http\\Kernel->Illuminate\\Foundation\\Http\\{closure}()
#28 /home/efren/Documentos/Proyectos_php/miPrimerWeb/vendor/laravel/framework/src/Illuminate/Foundation/Http/Middleware/TransformsRequest.php(21): Illuminate\\Pipeline\\Pipeline->Illuminate\\Pipeline\\{closure}()
#29 /home/efren/Documentos/Proyectos_php/miPrimerWeb/vendor/laravel/framework/src/Illuminate/Foundation/Http/Middleware/ConvertEmptyStringsToNull.php(31): Illuminate\\Foundation\\Http\\Middleware\\TransformsRequest->handle()
#30 /home/efren/Documentos/Proyectos_php/miPrimerWeb/vendor/laravel/framework/src/Illuminate/Pipeline/Pipeline.php(167): Illuminate\\Foundation\\Http\\Middleware\\ConvertEmptyStringsToNull->handle()
#31 /home/efren/Documentos/Proyectos_php/miPrimerWeb/vendor/laravel/framework/src/Illuminate/Foundation/Http/Middleware/TransformsRequest.php(21): Illuminate\\Pipeline\\Pipeline->Illuminate\\Pipeline\\{closure}()
#32 /home/efren/Documentos/Proyectos_php/miPrimerWeb/vendor/laravel/framework/src/Illuminate/Foundation/Http/Middleware/TrimStrings.php(40): Illuminate\\Foundation\\Http\\Middleware\\TransformsRequest->handle()
#33 /home/efren/Documentos/Proyectos_php/miPrimerWeb/vendor/laravel/framework/src/Illuminate/Pipeline/Pipeline.php(167): Illuminate\\Foundation\\Http\\Middleware\\TrimStrings->handle()
#34 /home/efren/Documentos/Proyectos_php/miPrimerWeb/vendor/laravel/framework/src/Illuminate/Foundation/Http/Middleware/ValidatePostSize.php(27): Illuminate\\Pipeline\\Pipeline->Illuminate\\Pipeline\\{closure}()
#35 /home/efren/Documentos/Proyectos_php/miPrimerWeb/vendor/laravel/framework/src/Illuminate/Pipeline/Pipeline.php(167): Illuminate\\Foundation\\Http\\Middleware\\ValidatePostSize->handle()
#36 /home/efren/Documentos/Proyectos_php/miPrimerWeb/vendor/laravel/framework/src/Illuminate/Foundation/Http/Middleware/PreventRequestsDuringMaintenance.php(86): Illuminate\\Pipeline\\Pipeline->Illuminate\\Pipeline\\{closure}()
#37 /home/efren/Documentos/Proyectos_php/miPrimerWeb/vendor/laravel/framework/src/Illuminate/Pipeline/Pipeline.php(167): Illuminate\\Foundation\\Http\\Middleware\\PreventRequestsDuringMaintenance->handle()
#38 /home/efren/Documentos/Proyectos_php/miPrimerWeb/vendor/fruitcake/laravel-cors/src/HandleCors.php(38): Illuminate\\Pipeline\\Pipeline->Illuminate\\Pipeline\\{closure}()
#39 /home/efren/Documentos/Proyectos_php/miPrimerWeb/vendor/laravel/framework/src/Illuminate/Pipeline/Pipeline.php(167): Fruitcake\\Cors\\HandleCors->handle()
#40 /home/efren/Documentos/Proyectos_php/miPrimerWeb/vendor/laravel/framework/src/Illuminate/Http/Middleware/TrustProxies.php(39): Illuminate\\Pipeline\\Pipeline->Illuminate\\Pipeline\\{closure}()
#41 /home/efren/Documentos/Proyectos_php/miPrimerWeb/vendor/laravel/framework/src/Illuminate/Pipeline/Pipeline.php(167): Illuminate\\Http\\Middleware\\TrustProxies->handle()
#42 /home/efren/Documentos/Proyectos_php/miPrimerWeb/vendor/laravel/framework/src/Illuminate/Pipeline/Pipeline.php(103): Illuminate\\Pipeline\\Pipeline->Illuminate\\Pipeline\\{closure}()
#43 /home/efren/Documentos/Proyectos_php/miPrimerWeb/vendor/laravel/framework/src/Illuminate/Foundation/Http/Kernel.php(142): Illuminate\\Pipeline\\Pipeline->then()
#44 /home/efren/Documentos/Proyectos_php/miPrimerWeb/vendor/laravel/framework/src/Illuminate/Foundation/Http/Kernel.php(111): Illuminate\\Foundation\\Http\\Kernel->sendRequestThroughRouter()
#45 /home/efren/Documentos/Proyectos_php/miPrimerWeb/public/index.php(52): Illuminate\\Foundation\\Http\\Kernel->handle()
#46 /home/efren/Documentos/Proyectos_php/miPrimerWeb/server.php(21): require_once('/home/efren/Doc...')
#47 {main}
"} 
[2022-03-13 19:57:44] local.ERROR: syntax error, unexpected end of file {"exception":"[object] (ParseError(code: 0): syntax error, unexpected end of file at /home/efren/Documentos/Proyectos_php/miPrimerWeb/routes/web.php:25)
[stacktrace]
#0 /home/efren/Documentos/Proyectos_php/miPrimerWeb/vendor/laravel/framework/src/Illuminate/Routing/Router.php(425): Illuminate\\Routing\\RouteFileRegistrar->register()
#1 /home/efren/Documentos/Proyectos_php/miPrimerWeb/vendor/laravel/framework/src/Illuminate/Routing/Router.php(382): Illuminate\\Routing\\Router->loadRoutes()
#2 /home/efren/Documentos/Proyectos_php/miPrimerWeb/vendor/laravel/framework/src/Illuminate/Routing/RouteRegistrar.php(163): Illuminate\\Routing\\Router->group()
#3 /home/efren/Documentos/Proyectos_php/miPrimerWeb/app/Providers/RouteServiceProvider.php(48): Illuminate\\Routing\\RouteRegistrar->group()
#4 /home/efren/Documentos/Proyectos_php/miPrimerWeb/vendor/laravel/framework/src/Illuminate/Container/BoundMethod.php(36): App\\Providers\\RouteServiceProvider->App\\Providers\\{closure}()
#5 /home/efren/Documentos/Proyectos_php/miPrimerWeb/vendor/laravel/framework/src/Illuminate/Container/Util.php(40): Illuminate\\Container\\BoundMethod::Illuminate\\Container\\{closure}()
#6 /home/efren/Documentos/Proyectos_php/miPrimerWeb/vendor/laravel/framework/src/Illuminate/Container/BoundMethod.php(81): Illuminate\\Container\\Util::unwrapIfClosure()
#7 /home/efren/Documentos/Proyectos_php/miPrimerWeb/vendor/laravel/framework/src/Illuminate/Container/BoundMethod.php(37): Illuminate\\Container\\BoundMethod::callBoundMethod()
#8 /home/efren/Documentos/Proyectos_php/miPrimerWeb/vendor/laravel/framework/src/Illuminate/Container/Container.php(653): Illuminate\\Container\\BoundMethod::call()
#9 /home/efren/Documentos/Proyectos_php/miPrimerWeb/vendor/laravel/framework/src/Illuminate/Foundation/Support/Providers/RouteServiceProvider.php(120): Illuminate\\Container\\Container->call()
#10 /home/efren/Documentos/Proyectos_php/miPrimerWeb/vendor/laravel/framework/src/Illuminate/Foundation/Support/Providers/RouteServiceProvider.php(45): Illuminate\\Foundation\\Support\\Providers\\RouteServiceProvider->loadRoutes()
#11 /home/efren/Documentos/Proyectos_php/miPrimerWeb/vendor/laravel/framework/src/Illuminate/Container/BoundMethod.php(36): Illuminate\\Foundation\\Support\\Providers\\RouteServiceProvider->Illuminate\\Foundation\\Support\\Providers\\{closure}()
#12 /home/efren/Documentos/Proyectos_php/miPrimerWeb/vendor/laravel/framework/src/Illuminate/Container/Util.php(40): Illuminate\\Container\\BoundMethod::Illuminate\\Container\\{closure}()
#13 /home/efren/Documentos/Proyectos_php/miPrimerWeb/vendor/laravel/framework/src/Illuminate/Container/BoundMethod.php(81): Illuminate\\Container\\Util::unwrapIfClosure()
#14 /home/efren/Documentos/Proyectos_php/miPrimerWeb/vendor/laravel/framework/src/Illuminate/Container/BoundMethod.php(37): Illuminate\\Container\\BoundMethod::callBoundMethod()
#15 /home/efren/Documentos/Proyectos_php/miPrimerWeb/vendor/laravel/framework/src/Illuminate/Container/Container.php(653): Illuminate\\Container\\BoundMethod::call()
#16 /home/efren/Documentos/Proyectos_php/miPrimerWeb/vendor/laravel/framework/src/Illuminate/Support/ServiceProvider.php(119): Illuminate\\Container\\Container->call()
#17 /home/efren/Documentos/Proyectos_php/miPrimerWeb/vendor/laravel/framework/src/Illuminate/Foundation/Application.php(927): Illuminate\\Support\\ServiceProvider->callBootedCallbacks()
#18 /home/efren/Documentos/Proyectos_php/miPrimerWeb/vendor/laravel/framework/src/Illuminate/Foundation/Application.php(905): Illuminate\\Foundation\\Application->bootProvider()
#19 [internal function]: Illuminate\\Foundation\\Application->Illuminate\\Foundation\\{closure}()
#20 /home/efren/Documentos/Proyectos_php/miPrimerWeb/vendor/laravel/framework/src/Illuminate/Foundation/Application.php(906): array_walk()
#21 /home/efren/Documentos/Proyectos_php/miPrimerWeb/vendor/laravel/framework/src/Illuminate/Foundation/Bootstrap/BootProviders.php(17): Illuminate\\Foundation\\Application->boot()
#22 /home/efren/Documentos/Proyectos_php/miPrimerWeb/vendor/laravel/framework/src/Illuminate/Foundation/Application.php(237): Illuminate\\Foundation\\Bootstrap\\BootProviders->bootstrap()
#23 /home/efren/Documentos/Proyectos_php/miPrimerWeb/vendor/laravel/framework/src/Illuminate/Foundation/Http/Kernel.php(153): Illuminate\\Foundation\\Application->bootstrapWith()
#24 /home/efren/Documentos/Proyectos_php/miPrimerWeb/vendor/laravel/framework/src/Illuminate/Foundation/Http/Kernel.php(137): Illuminate\\Foundation\\Http\\Kernel->bootstrap()
#25 /home/efren/Documentos/Proyectos_php/miPrimerWeb/vendor/laravel/framework/src/Illuminate/Foundation/Http/Kernel.php(111): Illuminate\\Foundation\\Http\\Kernel->sendRequestThroughRouter()
#26 /home/efren/Documentos/Proyectos_php/miPrimerWeb/public/index.php(52): Illuminate\\Foundation\\Http\\Kernel->handle()
#27 /home/efren/Documentos/Proyectos_php/miPrimerWeb/server.php(21): require_once('/home/efren/Doc...')
#28 {main}
"} 
[2022-03-13 19:58:21] local.ERROR: syntax error, unexpected end of file {"exception":"[object] (ParseError(code: 0): syntax error, unexpected end of file at /home/efren/Documentos/Proyectos_php/miPrimerWeb/routes/web.php:25)
[stacktrace]
#0 /home/efren/Documentos/Proyectos_php/miPrimerWeb/vendor/laravel/framework/src/Illuminate/Routing/Router.php(425): Illuminate\\Routing\\RouteFileRegistrar->register()
#1 /home/efren/Documentos/Proyectos_php/miPrimerWeb/vendor/laravel/framework/src/Illuminate/Routing/Router.php(382): Illuminate\\Routing\\Router->loadRoutes()
#2 /home/efren/Documentos/Proyectos_php/miPrimerWeb/vendor/laravel/framework/src/Illuminate/Routing/RouteRegistrar.php(163): Illuminate\\Routing\\Router->group()
#3 /home/efren/Documentos/Proyectos_php/miPrimerWeb/app/Providers/RouteServiceProvider.php(48): Illuminate\\Routing\\RouteRegistrar->group()
#4 /home/efren/Documentos/Proyectos_php/miPrimerWeb/vendor/laravel/framework/src/Illuminate/Container/BoundMethod.php(36): App\\Providers\\RouteServiceProvider->App\\Providers\\{closure}()
#5 /home/efren/Documentos/Proyectos_php/miPrimerWeb/vendor/laravel/framework/src/Illuminate/Container/Util.php(40): Illuminate\\Container\\BoundMethod::Illuminate\\Container\\{closure}()
#6 /home/efren/Documentos/Proyectos_php/miPrimerWeb/vendor/laravel/framework/src/Illuminate/Container/BoundMethod.php(81): Illuminate\\Container\\Util::unwrapIfClosure()
#7 /home/efren/Documentos/Proyectos_php/miPrimerWeb/vendor/laravel/framework/src/Illuminate/Container/BoundMethod.php(37): Illuminate\\Container\\BoundMethod::callBoundMethod()
#8 /home/efren/Documentos/Proyectos_php/miPrimerWeb/vendor/laravel/framework/src/Illuminate/Container/Container.php(653): Illuminate\\Container\\BoundMethod::call()
#9 /home/efren/Documentos/Proyectos_php/miPrimerWeb/vendor/laravel/framework/src/Illuminate/Foundation/Support/Providers/RouteServiceProvider.php(120): Illuminate\\Container\\Container->call()
#10 /home/efren/Documentos/Proyectos_php/miPrimerWeb/vendor/laravel/framework/src/Illuminate/Foundation/Support/Providers/RouteServiceProvider.php(45): Illuminate\\Foundation\\Support\\Providers\\RouteServiceProvider->loadRoutes()
#11 /home/efren/Documentos/Proyectos_php/miPrimerWeb/vendor/laravel/framework/src/Illuminate/Container/BoundMethod.php(36): Illuminate\\Foundation\\Support\\Providers\\RouteServiceProvider->Illuminate\\Foundation\\Support\\Providers\\{closure}()
#12 /home/efren/Documentos/Proyectos_php/miPrimerWeb/vendor/laravel/framework/src/Illuminate/Container/Util.php(40): Illuminate\\Container\\BoundMethod::Illuminate\\Container\\{closure}()
#13 /home/efren/Documentos/Proyectos_php/miPrimerWeb/vendor/laravel/framework/src/Illuminate/Container/BoundMethod.php(81): Illuminate\\Container\\Util::unwrapIfClosure()
#14 /home/efren/Documentos/Proyectos_php/miPrimerWeb/vendor/laravel/framework/src/Illuminate/Container/BoundMethod.php(37): Illuminate\\Container\\BoundMethod::callBoundMethod()
#15 /home/efren/Documentos/Proyectos_php/miPrimerWeb/vendor/laravel/framework/src/Illuminate/Container/Container.php(653): Illuminate\\Container\\BoundMethod::call()
#16 /home/efren/Documentos/Proyectos_php/miPrimerWeb/vendor/laravel/framework/src/Illuminate/Support/ServiceProvider.php(119): Illuminate\\Container\\Container->call()
#17 /home/efren/Documentos/Proyectos_php/miPrimerWeb/vendor/laravel/framework/src/Illuminate/Foundation/Application.php(927): Illuminate\\Support\\ServiceProvider->callBootedCallbacks()
#18 /home/efren/Documentos/Proyectos_php/miPrimerWeb/vendor/laravel/framework/src/Illuminate/Foundation/Application.php(905): Illuminate\\Foundation\\Application->bootProvider()
#19 [internal function]: Illuminate\\Foundation\\Application->Illuminate\\Foundation\\{closure}()
#20 /home/efren/Documentos/Proyectos_php/miPrimerWeb/vendor/laravel/framework/src/Illuminate/Foundation/Application.php(906): array_walk()
#21 /home/efren/Documentos/Proyectos_php/miPrimerWeb/vendor/laravel/framework/src/Illuminate/Foundation/Bootstrap/BootProviders.php(17): Illuminate\\Foundation\\Application->boot()
#22 /home/efren/Documentos/Proyectos_php/miPrimerWeb/vendor/laravel/framework/src/Illuminate/Foundation/Application.php(237): Illuminate\\Foundation\\Bootstrap\\BootProviders->bootstrap()
#23 /home/efren/Documentos/Proyectos_php/miPrimerWeb/vendor/laravel/framework/src/Illuminate/Foundation/Http/Kernel.php(153): Illuminate\\Foundation\\Application->bootstrapWith()
#24 /home/efren/Documentos/Proyectos_php/miPrimerWeb/vendor/laravel/framework/src/Illuminate/Foundation/Http/Kernel.php(137): Illuminate\\Foundation\\Http\\Kernel->bootstrap()
#25 /home/efren/Documentos/Proyectos_php/miPrimerWeb/vendor/laravel/framework/src/Illuminate/Foundation/Http/Kernel.php(111): Illuminate\\Foundation\\Http\\Kernel->sendRequestThroughRouter()
#26 /home/efren/Documentos/Proyectos_php/miPrimerWeb/public/index.php(52): Illuminate\\Foundation\\Http\\Kernel->handle()
#27 /home/efren/Documentos/Proyectos_php/miPrimerWeb/server.php(21): require_once('/home/efren/Doc...')
#28 {main}
"} 
[2022-03-13 20:02:40] local.ERROR: syntax error, unexpected end of file {"exception":"[object] (ParseError(code: 0): syntax error, unexpected end of file at /home/efren/Documentos/Proyectos_php/miPrimerWeb/routes/web.php:25)
[stacktrace]
#0 /home/efren/Documentos/Proyectos_php/miPrimerWeb/vendor/laravel/framework/src/Illuminate/Routing/Router.php(425): Illuminate\\Routing\\RouteFileRegistrar->register()
#1 /home/efren/Documentos/Proyectos_php/miPrimerWeb/vendor/laravel/framework/src/Illuminate/Routing/Router.php(382): Illuminate\\Routing\\Router->loadRoutes()
#2 /home/efren/Documentos/Proyectos_php/miPrimerWeb/vendor/laravel/framework/src/Illuminate/Routing/RouteRegistrar.php(163): Illuminate\\Routing\\Router->group()
#3 /home/efren/Documentos/Proyectos_php/miPrimerWeb/app/Providers/RouteServiceProvider.php(48): Illuminate\\Routing\\RouteRegistrar->group()
#4 /home/efren/Documentos/Proyectos_php/miPrimerWeb/vendor/laravel/framework/src/Illuminate/Container/BoundMethod.php(36): App\\Providers\\RouteServiceProvider->App\\Providers\\{closure}()
#5 /home/efren/Documentos/Proyectos_php/miPrimerWeb/vendor/laravel/framework/src/Illuminate/Container/Util.php(40): Illuminate\\Container\\BoundMethod::Illuminate\\Container\\{closure}()
#6 /home/efren/Documentos/Proyectos_php/miPrimerWeb/vendor/laravel/framework/src/Illuminate/Container/BoundMethod.php(81): Illuminate\\Container\\Util::unwrapIfClosure()
#7 /home/efren/Documentos/Proyectos_php/miPrimerWeb/vendor/laravel/framework/src/Illuminate/Container/BoundMethod.php(37): Illuminate\\Container\\BoundMethod::callBoundMethod()
#8 /home/efren/Documentos/Proyectos_php/miPrimerWeb/vendor/laravel/framework/src/Illuminate/Container/Container.php(653): Illuminate\\Container\\BoundMethod::call()
#9 /home/efren/Documentos/Proyectos_php/miPrimerWeb/vendor/laravel/framework/src/Illuminate/Foundation/Support/Providers/RouteServiceProvider.php(120): Illuminate\\Container\\Container->call()
#10 /home/efren/Documentos/Proyectos_php/miPrimerWeb/vendor/laravel/framework/src/Illuminate/Foundation/Support/Providers/RouteServiceProvider.php(45): Illuminate\\Foundation\\Support\\Providers\\RouteServiceProvider->loadRoutes()
#11 /home/efren/Documentos/Proyectos_php/miPrimerWeb/vendor/laravel/framework/src/Illuminate/Container/BoundMethod.php(36): Illuminate\\Foundation\\Support\\Providers\\RouteServiceProvider->Illuminate\\Foundation\\Support\\Providers\\{closure}()
#12 /home/efren/Documentos/Proyectos_php/miPrimerWeb/vendor/laravel/framework/src/Illuminate/Container/Util.php(40): Illuminate\\Container\\BoundMethod::Illuminate\\Container\\{closure}()
#13 /home/efren/Documentos/Proyectos_php/miPrimerWeb/vendor/laravel/framework/src/Illuminate/Container/BoundMethod.php(81): Illuminate\\Container\\Util::unwrapIfClosure()
#14 /home/efren/Documentos/Proyectos_php/miPrimerWeb/vendor/laravel/framework/src/Illuminate/Container/BoundMethod.php(37): Illuminate\\Container\\BoundMethod::callBoundMethod()
#15 /home/efren/Documentos/Proyectos_php/miPrimerWeb/vendor/laravel/framework/src/Illuminate/Container/Container.php(653): Illuminate\\Container\\BoundMethod::call()
#16 /home/efren/Documentos/Proyectos_php/miPrimerWeb/vendor/laravel/framework/src/Illuminate/Support/ServiceProvider.php(119): Illuminate\\Container\\Container->call()
#17 /home/efren/Documentos/Proyectos_php/miPrimerWeb/vendor/laravel/framework/src/Illuminate/Foundation/Application.php(927): Illuminate\\Support\\ServiceProvider->callBootedCallbacks()
#18 /home/efren/Documentos/Proyectos_php/miPrimerWeb/vendor/laravel/framework/src/Illuminate/Foundation/Application.php(905): Illuminate\\Foundation\\Application->bootProvider()
#19 [internal function]: Illuminate\\Foundation\\Application->Illuminate\\Foundation\\{closure}()
#20 /home/efren/Documentos/Proyectos_php/miPrimerWeb/vendor/laravel/framework/src/Illuminate/Foundation/Application.php(906): array_walk()
#21 /home/efren/Documentos/Proyectos_php/miPrimerWeb/vendor/laravel/framework/src/Illuminate/Foundation/Bootstrap/BootProviders.php(17): Illuminate\\Foundation\\Application->boot()
#22 /home/efren/Documentos/Proyectos_php/miPrimerWeb/vendor/laravel/framework/src/Illuminate/Foundation/Application.php(237): Illuminate\\Foundation\\Bootstrap\\BootProviders->bootstrap()
#23 /home/efren/Documentos/Proyectos_php/miPrimerWeb/vendor/laravel/framework/src/Illuminate/Foundation/Http/Kernel.php(153): Illuminate\\Foundation\\Application->bootstrapWith()
#24 /home/efren/Documentos/Proyectos_php/miPrimerWeb/vendor/laravel/framework/src/Illuminate/Foundation/Http/Kernel.php(137): Illuminate\\Foundation\\Http\\Kernel->bootstrap()
#25 /home/efren/Documentos/Proyectos_php/miPrimerWeb/vendor/laravel/framework/src/Illuminate/Foundation/Http/Kernel.php(111): Illuminate\\Foundation\\Http\\Kernel->sendRequestThroughRouter()
#26 /home/efren/Documentos/Proyectos_php/miPrimerWeb/public/index.php(52): Illuminate\\Foundation\\Http\\Kernel->handle()
#27 /home/efren/Documentos/Proyectos_php/miPrimerWeb/server.php(21): require_once('/home/efren/Doc...')
#28 {main}
"} 
[2022-03-13 20:02:46] local.ERROR: syntax error, unexpected end of file {"exception":"[object] (ParseError(code: 0): syntax error, unexpected end of file at /home/efren/Documentos/Proyectos_php/miPrimerWeb/routes/web.php:25)
[stacktrace]
#0 /home/efren/Documentos/Proyectos_php/miPrimerWeb/vendor/laravel/framework/src/Illuminate/Routing/Router.php(425): Illuminate\\Routing\\RouteFileRegistrar->register()
#1 /home/efren/Documentos/Proyectos_php/miPrimerWeb/vendor/laravel/framework/src/Illuminate/Routing/Router.php(382): Illuminate\\Routing\\Router->loadRoutes()
#2 /home/efren/Documentos/Proyectos_php/miPrimerWeb/vendor/laravel/framework/src/Illuminate/Routing/RouteRegistrar.php(163): Illuminate\\Routing\\Router->group()
#3 /home/efren/Documentos/Proyectos_php/miPrimerWeb/app/Providers/RouteServiceProvider.php(48): Illuminate\\Routing\\RouteRegistrar->group()
#4 /home/efren/Documentos/Proyectos_php/miPrimerWeb/vendor/laravel/framework/src/Illuminate/Container/BoundMethod.php(36): App\\Providers\\RouteServiceProvider->App\\Providers\\{closure}()
#5 /home/efren/Documentos/Proyectos_php/miPrimerWeb/vendor/laravel/framework/src/Illuminate/Container/Util.php(40): Illuminate\\Container\\BoundMethod::Illuminate\\Container\\{closure}()
#6 /home/efren/Documentos/Proyectos_php/miPrimerWeb/vendor/laravel/framework/src/Illuminate/Container/BoundMethod.php(81): Illuminate\\Container\\Util::unwrapIfClosure()
#7 /home/efren/Documentos/Proyectos_php/miPrimerWeb/vendor/laravel/framework/src/Illuminate/Container/BoundMethod.php(37): Illuminate\\Container\\BoundMethod::callBoundMethod()
#8 /home/efren/Documentos/Proyectos_php/miPrimerWeb/vendor/laravel/framework/src/Illuminate/Container/Container.php(653): Illuminate\\Container\\BoundMethod::call()
#9 /home/efren/Documentos/Proyectos_php/miPrimerWeb/vendor/laravel/framework/src/Illuminate/Foundation/Support/Providers/RouteServiceProvider.php(120): Illuminate\\Container\\Container->call()
#10 /home/efren/Documentos/Proyectos_php/miPrimerWeb/vendor/laravel/framework/src/Illuminate/Foundation/Support/Providers/RouteServiceProvider.php(45): Illuminate\\Foundation\\Support\\Providers\\RouteServiceProvider->loadRoutes()
#11 /home/efren/Documentos/Proyectos_php/miPrimerWeb/vendor/laravel/framework/src/Illuminate/Container/BoundMethod.php(36): Illuminate\\Foundation\\Support\\Providers\\RouteServiceProvider->Illuminate\\Foundation\\Support\\Providers\\{closure}()
#12 /home/efren/Documentos/Proyectos_php/miPrimerWeb/vendor/laravel/framework/src/Illuminate/Container/Util.php(40): Illuminate\\Container\\BoundMethod::Illuminate\\Container\\{closure}()
#13 /home/efren/Documentos/Proyectos_php/miPrimerWeb/vendor/laravel/framework/src/Illuminate/Container/BoundMethod.php(81): Illuminate\\Container\\Util::unwrapIfClosure()
#14 /home/efren/Documentos/Proyectos_php/miPrimerWeb/vendor/laravel/framework/src/Illuminate/Container/BoundMethod.php(37): Illuminate\\Container\\BoundMethod::callBoundMethod()
#15 /home/efren/Documentos/Proyectos_php/miPrimerWeb/vendor/laravel/framework/src/Illuminate/Container/Container.php(653): Illuminate\\Container\\BoundMethod::call()
#16 /home/efren/Documentos/Proyectos_php/miPrimerWeb/vendor/laravel/framework/src/Illuminate/Support/ServiceProvider.php(119): Illuminate\\Container\\Container->call()
#17 /home/efren/Documentos/Proyectos_php/miPrimerWeb/vendor/laravel/framework/src/Illuminate/Foundation/Application.php(927): Illuminate\\Support\\ServiceProvider->callBootedCallbacks()
#18 /home/efren/Documentos/Proyectos_php/miPrimerWeb/vendor/laravel/framework/src/Illuminate/Foundation/Application.php(905): Illuminate\\Foundation\\Application->bootProvider()
#19 [internal function]: Illuminate\\Foundation\\Application->Illuminate\\Foundation\\{closure}()
#20 /home/efren/Documentos/Proyectos_php/miPrimerWeb/vendor/laravel/framework/src/Illuminate/Foundation/Application.php(906): array_walk()
#21 /home/efren/Documentos/Proyectos_php/miPrimerWeb/vendor/laravel/framework/src/Illuminate/Foundation/Bootstrap/BootProviders.php(17): Illuminate\\Foundation\\Application->boot()
#22 /home/efren/Documentos/Proyectos_php/miPrimerWeb/vendor/laravel/framework/src/Illuminate/Foundation/Application.php(237): Illuminate\\Foundation\\Bootstrap\\BootProviders->bootstrap()
#23 /home/efren/Documentos/Proyectos_php/miPrimerWeb/vendor/laravel/framework/src/Illuminate/Foundation/Http/Kernel.php(153): Illuminate\\Foundation\\Application->bootstrapWith()
#24 /home/efren/Documentos/Proyectos_php/miPrimerWeb/vendor/laravel/framework/src/Illuminate/Foundation/Http/Kernel.php(137): Illuminate\\Foundation\\Http\\Kernel->bootstrap()
#25 /home/efren/Documentos/Proyectos_php/miPrimerWeb/vendor/laravel/framework/src/Illuminate/Foundation/Http/Kernel.php(111): Illuminate\\Foundation\\Http\\Kernel->sendRequestThroughRouter()
#26 /home/efren/Documentos/Proyectos_php/miPrimerWeb/public/index.php(52): Illuminate\\Foundation\\Http\\Kernel->handle()
#27 /home/efren/Documentos/Proyectos_php/miPrimerWeb/server.php(21): require_once('/home/efren/Doc...')
#28 {main}
"} 
[2022-03-13 20:02:57] local.ERROR: syntax error, unexpected end of file {"exception":"[object] (ParseError(code: 0): syntax error, unexpected end of file at /home/efren/Documentos/Proyectos_php/miPrimerWeb/routes/web.php:25)
[stacktrace]
#0 /home/efren/Documentos/Proyectos_php/miPrimerWeb/vendor/laravel/framework/src/Illuminate/Routing/Router.php(425): Illuminate\\Routing\\RouteFileRegistrar->register()
#1 /home/efren/Documentos/Proyectos_php/miPrimerWeb/vendor/laravel/framework/src/Illuminate/Routing/Router.php(382): Illuminate\\Routing\\Router->loadRoutes()
#2 /home/efren/Documentos/Proyectos_php/miPrimerWeb/vendor/laravel/framework/src/Illuminate/Routing/RouteRegistrar.php(163): Illuminate\\Routing\\Router->group()
#3 /home/efren/Documentos/Proyectos_php/miPrimerWeb/app/Providers/RouteServiceProvider.php(48): Illuminate\\Routing\\RouteRegistrar->group()
#4 /home/efren/Documentos/Proyectos_php/miPrimerWeb/vendor/laravel/framework/src/Illuminate/Container/BoundMethod.php(36): App\\Providers\\RouteServiceProvider->App\\Providers\\{closure}()
#5 /home/efren/Documentos/Proyectos_php/miPrimerWeb/vendor/laravel/framework/src/Illuminate/Container/Util.php(40): Illuminate\\Container\\BoundMethod::Illuminate\\Container\\{closure}()
#6 /home/efren/Documentos/Proyectos_php/miPrimerWeb/vendor/laravel/framework/src/Illuminate/Container/BoundMethod.php(81): Illuminate\\Container\\Util::unwrapIfClosure()
#7 /home/efren/Documentos/Proyectos_php/miPrimerWeb/vendor/laravel/framework/src/Illuminate/Container/BoundMethod.php(37): Illuminate\\Container\\BoundMethod::callBoundMethod()
#8 /home/efren/Documentos/Proyectos_php/miPrimerWeb/vendor/laravel/framework/src/Illuminate/Container/Container.php(653): Illuminate\\Container\\BoundMethod::call()
#9 /home/efren/Documentos/Proyectos_php/miPrimerWeb/vendor/laravel/framework/src/Illuminate/Foundation/Support/Providers/RouteServiceProvider.php(120): Illuminate\\Container\\Container->call()
#10 /home/efren/Documentos/Proyectos_php/miPrimerWeb/vendor/laravel/framework/src/Illuminate/Foundation/Support/Providers/RouteServiceProvider.php(45): Illuminate\\Foundation\\Support\\Providers\\RouteServiceProvider->loadRoutes()
#11 /home/efren/Documentos/Proyectos_php/miPrimerWeb/vendor/laravel/framework/src/Illuminate/Container/BoundMethod.php(36): Illuminate\\Foundation\\Support\\Providers\\RouteServiceProvider->Illuminate\\Foundation\\Support\\Providers\\{closure}()
#12 /home/efren/Documentos/Proyectos_php/miPrimerWeb/vendor/laravel/framework/src/Illuminate/Container/Util.php(40): Illuminate\\Container\\BoundMethod::Illuminate\\Container\\{closure}()
#13 /home/efren/Documentos/Proyectos_php/miPrimerWeb/vendor/laravel/framework/src/Illuminate/Container/BoundMethod.php(81): Illuminate\\Container\\Util::unwrapIfClosure()
#14 /home/efren/Documentos/Proyectos_php/miPrimerWeb/vendor/laravel/framework/src/Illuminate/Container/BoundMethod.php(37): Illuminate\\Container\\BoundMethod::callBoundMethod()
#15 /home/efren/Documentos/Proyectos_php/miPrimerWeb/vendor/laravel/framework/src/Illuminate/Container/Container.php(653): Illuminate\\Container\\BoundMethod::call()
#16 /home/efren/Documentos/Proyectos_php/miPrimerWeb/vendor/laravel/framework/src/Illuminate/Support/ServiceProvider.php(119): Illuminate\\Container\\Container->call()
#17 /home/efren/Documentos/Proyectos_php/miPrimerWeb/vendor/laravel/framework/src/Illuminate/Foundation/Application.php(927): Illuminate\\Support\\ServiceProvider->callBootedCallbacks()
#18 /home/efren/Documentos/Proyectos_php/miPrimerWeb/vendor/laravel/framework/src/Illuminate/Foundation/Application.php(905): Illuminate\\Foundation\\Application->bootProvider()
#19 [internal function]: Illuminate\\Foundation\\Application->Illuminate\\Foundation\\{closure}()
#20 /home/efren/Documentos/Proyectos_php/miPrimerWeb/vendor/laravel/framework/src/Illuminate/Foundation/Application.php(906): array_walk()
#21 /home/efren/Documentos/Proyectos_php/miPrimerWeb/vendor/laravel/framework/src/Illuminate/Foundation/Bootstrap/BootProviders.php(17): Illuminate\\Foundation\\Application->boot()
#22 /home/efren/Documentos/Proyectos_php/miPrimerWeb/vendor/laravel/framework/src/Illuminate/Foundation/Application.php(237): Illuminate\\Foundation\\Bootstrap\\BootProviders->bootstrap()
#23 /home/efren/Documentos/Proyectos_php/miPrimerWeb/vendor/laravel/framework/src/Illuminate/Foundation/Http/Kernel.php(153): Illuminate\\Foundation\\Application->bootstrapWith()
#24 /home/efren/Documentos/Proyectos_php/miPrimerWeb/vendor/laravel/framework/src/Illuminate/Foundation/Http/Kernel.php(137): Illuminate\\Foundation\\Http\\Kernel->bootstrap()
#25 /home/efren/Documentos/Proyectos_php/miPrimerWeb/vendor/laravel/framework/src/Illuminate/Foundation/Http/Kernel.php(111): Illuminate\\Foundation\\Http\\Kernel->sendRequestThroughRouter()
#26 /home/efren/Documentos/Proyectos_php/miPrimerWeb/public/index.php(52): Illuminate\\Foundation\\Http\\Kernel->handle()
#27 /home/efren/Documentos/Proyectos_php/miPrimerWeb/server.php(21): require_once('/home/efren/Doc...')
#28 {main}
"} 
[2022-04-04 13:39:05] local.ERROR: syntax error, unexpected end of file {"exception":"[object] (ParseError(code: 0): syntax error, unexpected end of file at /home/efren/Documentos/Proyectos_php/miPrimerWeb/routes/web.php:25)
[stacktrace]
#0 /home/efren/Documentos/Proyectos_php/miPrimerWeb/vendor/laravel/framework/src/Illuminate/Routing/Router.php(425): Illuminate\\Routing\\RouteFileRegistrar->register()
#1 /home/efren/Documentos/Proyectos_php/miPrimerWeb/vendor/laravel/framework/src/Illuminate/Routing/Router.php(382): Illuminate\\Routing\\Router->loadRoutes()
#2 /home/efren/Documentos/Proyectos_php/miPrimerWeb/vendor/laravel/framework/src/Illuminate/Routing/RouteRegistrar.php(163): Illuminate\\Routing\\Router->group()
#3 /home/efren/Documentos/Proyectos_php/miPrimerWeb/app/Providers/RouteServiceProvider.php(48): Illuminate\\Routing\\RouteRegistrar->group()
#4 /home/efren/Documentos/Proyectos_php/miPrimerWeb/vendor/laravel/framework/src/Illuminate/Container/BoundMethod.php(36): App\\Providers\\RouteServiceProvider->App\\Providers\\{closure}()
#5 /home/efren/Documentos/Proyectos_php/miPrimerWeb/vendor/laravel/framework/src/Illuminate/Container/Util.php(40): Illuminate\\Container\\BoundMethod::Illuminate\\Container\\{closure}()
#6 /home/efren/Documentos/Proyectos_php/miPrimerWeb/vendor/laravel/framework/src/Illuminate/Container/BoundMethod.php(81): Illuminate\\Container\\Util::unwrapIfClosure()
#7 /home/efren/Documentos/Proyectos_php/miPrimerWeb/vendor/laravel/framework/src/Illuminate/Container/BoundMethod.php(37): Illuminate\\Container\\BoundMethod::callBoundMethod()
#8 /home/efren/Documentos/Proyectos_php/miPrimerWeb/vendor/laravel/framework/src/Illuminate/Container/Container.php(653): Illuminate\\Container\\BoundMethod::call()
#9 /home/efren/Documentos/Proyectos_php/miPrimerWeb/vendor/laravel/framework/src/Illuminate/Foundation/Support/Providers/RouteServiceProvider.php(120): Illuminate\\Container\\Container->call()
#10 /home/efren/Documentos/Proyectos_php/miPrimerWeb/vendor/laravel/framework/src/Illuminate/Foundation/Support/Providers/RouteServiceProvider.php(45): Illuminate\\Foundation\\Support\\Providers\\RouteServiceProvider->loadRoutes()
#11 /home/efren/Documentos/Proyectos_php/miPrimerWeb/vendor/laravel/framework/src/Illuminate/Container/BoundMethod.php(36): Illuminate\\Foundation\\Support\\Providers\\RouteServiceProvider->Illuminate\\Foundation\\Support\\Providers\\{closure}()
#12 /home/efren/Documentos/Proyectos_php/miPrimerWeb/vendor/laravel/framework/src/Illuminate/Container/Util.php(40): Illuminate\\Container\\BoundMethod::Illuminate\\Container\\{closure}()
#13 /home/efren/Documentos/Proyectos_php/miPrimerWeb/vendor/laravel/framework/src/Illuminate/Container/BoundMethod.php(81): Illuminate\\Container\\Util::unwrapIfClosure()
#14 /home/efren/Documentos/Proyectos_php/miPrimerWeb/vendor/laravel/framework/src/Illuminate/Container/BoundMethod.php(37): Illuminate\\Container\\BoundMethod::callBoundMethod()
#15 /home/efren/Documentos/Proyectos_php/miPrimerWeb/vendor/laravel/framework/src/Illuminate/Container/Container.php(653): Illuminate\\Container\\BoundMethod::call()
#16 /home/efren/Documentos/Proyectos_php/miPrimerWeb/vendor/laravel/framework/src/Illuminate/Support/ServiceProvider.php(119): Illuminate\\Container\\Container->call()
#17 /home/efren/Documentos/Proyectos_php/miPrimerWeb/vendor/laravel/framework/src/Illuminate/Foundation/Application.php(927): Illuminate\\Support\\ServiceProvider->callBootedCallbacks()
#18 /home/efren/Documentos/Proyectos_php/miPrimerWeb/vendor/laravel/framework/src/Illuminate/Foundation/Application.php(905): Illuminate\\Foundation\\Application->bootProvider()
#19 [internal function]: Illuminate\\Foundation\\Application->Illuminate\\Foundation\\{closure}()
#20 /home/efren/Documentos/Proyectos_php/miPrimerWeb/vendor/laravel/framework/src/Illuminate/Foundation/Application.php(906): array_walk()
#21 /home/efren/Documentos/Proyectos_php/miPrimerWeb/vendor/laravel/framework/src/Illuminate/Foundation/Bootstrap/BootProviders.php(17): Illuminate\\Foundation\\Application->boot()
#22 /home/efren/Documentos/Proyectos_php/miPrimerWeb/vendor/laravel/framework/src/Illuminate/Foundation/Application.php(237): Illuminate\\Foundation\\Bootstrap\\BootProviders->bootstrap()
#23 /home/efren/Documentos/Proyectos_php/miPrimerWeb/vendor/laravel/framework/src/Illuminate/Foundation/Http/Kernel.php(153): Illuminate\\Foundation\\Application->bootstrapWith()
#24 /home/efren/Documentos/Proyectos_php/miPrimerWeb/vendor/laravel/framework/src/Illuminate/Foundation/Http/Kernel.php(137): Illuminate\\Foundation\\Http\\Kernel->bootstrap()
#25 /home/efren/Documentos/Proyectos_php/miPrimerWeb/vendor/laravel/framework/src/Illuminate/Foundation/Http/Kernel.php(111): Illuminate\\Foundation\\Http\\Kernel->sendRequestThroughRouter()
#26 /home/efren/Documentos/Proyectos_php/miPrimerWeb/public/index.php(52): Illuminate\\Foundation\\Http\\Kernel->handle()
#27 /home/efren/Documentos/Proyectos_php/miPrimerWeb/server.php(21): require_once('/home/efren/Doc...')
#28 {main}
"} 
[2022-04-04 13:39:41] local.ERROR: syntax error, unexpected end of file {"exception":"[object] (ParseError(code: 0): syntax error, unexpected end of file at /home/efren/Documentos/Proyectos_php/miPrimerWeb/routes/web.php:25)
[stacktrace]
#0 /home/efren/Documentos/Proyectos_php/miPrimerWeb/vendor/laravel/framework/src/Illuminate/Routing/Router.php(425): Illuminate\\Routing\\RouteFileRegistrar->register()
#1 /home/efren/Documentos/Proyectos_php/miPrimerWeb/vendor/laravel/framework/src/Illuminate/Routing/Router.php(382): Illuminate\\Routing\\Router->loadRoutes()
#2 /home/efren/Documentos/Proyectos_php/miPrimerWeb/vendor/laravel/framework/src/Illuminate/Routing/RouteRegistrar.php(163): Illuminate\\Routing\\Router->group()
#3 /home/efren/Documentos/Proyectos_php/miPrimerWeb/app/Providers/RouteServiceProvider.php(48): Illuminate\\Routing\\RouteRegistrar->group()
#4 /home/efren/Documentos/Proyectos_php/miPrimerWeb/vendor/laravel/framework/src/Illuminate/Container/BoundMethod.php(36): App\\Providers\\RouteServiceProvider->App\\Providers\\{closure}()
#5 /home/efren/Documentos/Proyectos_php/miPrimerWeb/vendor/laravel/framework/src/Illuminate/Container/Util.php(40): Illuminate\\Container\\BoundMethod::Illuminate\\Container\\{closure}()
#6 /home/efren/Documentos/Proyectos_php/miPrimerWeb/vendor/laravel/framework/src/Illuminate/Container/BoundMethod.php(81): Illuminate\\Container\\Util::unwrapIfClosure()
#7 /home/efren/Documentos/Proyectos_php/miPrimerWeb/vendor/laravel/framework/src/Illuminate/Container/BoundMethod.php(37): Illuminate\\Container\\BoundMethod::callBoundMethod()
#8 /home/efren/Documentos/Proyectos_php/miPrimerWeb/vendor/laravel/framework/src/Illuminate/Container/Container.php(653): Illuminate\\Container\\BoundMethod::call()
#9 /home/efren/Documentos/Proyectos_php/miPrimerWeb/vendor/laravel/framework/src/Illuminate/Foundation/Support/Providers/RouteServiceProvider.php(120): Illuminate\\Container\\Container->call()
#10 /home/efren/Documentos/Proyectos_php/miPrimerWeb/vendor/laravel/framework/src/Illuminate/Foundation/Support/Providers/RouteServiceProvider.php(45): Illuminate\\Foundation\\Support\\Providers\\RouteServiceProvider->loadRoutes()
#11 /home/efren/Documentos/Proyectos_php/miPrimerWeb/vendor/laravel/framework/src/Illuminate/Container/BoundMethod.php(36): Illuminate\\Foundation\\Support\\Providers\\RouteServiceProvider->Illuminate\\Foundation\\Support\\Providers\\{closure}()
#12 /home/efren/Documentos/Proyectos_php/miPrimerWeb/vendor/laravel/framework/src/Illuminate/Container/Util.php(40): Illuminate\\Container\\BoundMethod::Illuminate\\Container\\{closure}()
#13 /home/efren/Documentos/Proyectos_php/miPrimerWeb/vendor/laravel/framework/src/Illuminate/Container/BoundMethod.php(81): Illuminate\\Container\\Util::unwrapIfClosure()
#14 /home/efren/Documentos/Proyectos_php/miPrimerWeb/vendor/laravel/framework/src/Illuminate/Container/BoundMethod.php(37): Illuminate\\Container\\BoundMethod::callBoundMethod()
#15 /home/efren/Documentos/Proyectos_php/miPrimerWeb/vendor/laravel/framework/src/Illuminate/Container/Container.php(653): Illuminate\\Container\\BoundMethod::call()
#16 /home/efren/Documentos/Proyectos_php/miPrimerWeb/vendor/laravel/framework/src/Illuminate/Support/ServiceProvider.php(119): Illuminate\\Container\\Container->call()
#17 /home/efren/Documentos/Proyectos_php/miPrimerWeb/vendor/laravel/framework/src/Illuminate/Foundation/Application.php(927): Illuminate\\Support\\ServiceProvider->callBootedCallbacks()
#18 /home/efren/Documentos/Proyectos_php/miPrimerWeb/vendor/laravel/framework/src/Illuminate/Foundation/Application.php(905): Illuminate\\Foundation\\Application->bootProvider()
#19 [internal function]: Illuminate\\Foundation\\Application->Illuminate\\Foundation\\{closure}()
#20 /home/efren/Documentos/Proyectos_php/miPrimerWeb/vendor/laravel/framework/src/Illuminate/Foundation/Application.php(906): array_walk()
#21 /home/efren/Documentos/Proyectos_php/miPrimerWeb/vendor/laravel/framework/src/Illuminate/Foundation/Bootstrap/BootProviders.php(17): Illuminate\\Foundation\\Application->boot()
#22 /home/efren/Documentos/Proyectos_php/miPrimerWeb/vendor/laravel/framework/src/Illuminate/Foundation/Application.php(237): Illuminate\\Foundation\\Bootstrap\\BootProviders->bootstrap()
#23 /home/efren/Documentos/Proyectos_php/miPrimerWeb/vendor/laravel/framework/src/Illuminate/Foundation/Http/Kernel.php(153): Illuminate\\Foundation\\Application->bootstrapWith()
#24 /home/efren/Documentos/Proyectos_php/miPrimerWeb/vendor/laravel/framework/src/Illuminate/Foundation/Http/Kernel.php(137): Illuminate\\Foundation\\Http\\Kernel->bootstrap()
#25 /home/efren/Documentos/Proyectos_php/miPrimerWeb/vendor/laravel/framework/src/Illuminate/Foundation/Http/Kernel.php(111): Illuminate\\Foundation\\Http\\Kernel->sendRequestThroughRouter()
#26 /home/efren/Documentos/Proyectos_php/miPrimerWeb/public/index.php(52): Illuminate\\Foundation\\Http\\Kernel->handle()
#27 /home/efren/Documentos/Proyectos_php/miPrimerWeb/server.php(21): require_once('/home/efren/Doc...')
#28 {main}
"} 
[2022-04-04 13:40:13] local.ERROR: syntax error, unexpected end of file {"exception":"[object] (ParseError(code: 0): syntax error, unexpected end of file at /home/efren/Documentos/Proyectos_php/miPrimerWeb/routes/web.php:25)
[stacktrace]
#0 /home/efren/Documentos/Proyectos_php/miPrimerWeb/vendor/laravel/framework/src/Illuminate/Routing/Router.php(425): Illuminate\\Routing\\RouteFileRegistrar->register()
#1 /home/efren/Documentos/Proyectos_php/miPrimerWeb/vendor/laravel/framework/src/Illuminate/Routing/Router.php(382): Illuminate\\Routing\\Router->loadRoutes()
#2 /home/efren/Documentos/Proyectos_php/miPrimerWeb/vendor/laravel/framework/src/Illuminate/Routing/RouteRegistrar.php(163): Illuminate\\Routing\\Router->group()
#3 /home/efren/Documentos/Proyectos_php/miPrimerWeb/app/Providers/RouteServiceProvider.php(48): Illuminate\\Routing\\RouteRegistrar->group()
#4 /home/efren/Documentos/Proyectos_php/miPrimerWeb/vendor/laravel/framework/src/Illuminate/Container/BoundMethod.php(36): App\\Providers\\RouteServiceProvider->App\\Providers\\{closure}()
#5 /home/efren/Documentos/Proyectos_php/miPrimerWeb/vendor/laravel/framework/src/Illuminate/Container/Util.php(40): Illuminate\\Container\\BoundMethod::Illuminate\\Container\\{closure}()
#6 /home/efren/Documentos/Proyectos_php/miPrimerWeb/vendor/laravel/framework/src/Illuminate/Container/BoundMethod.php(81): Illuminate\\Container\\Util::unwrapIfClosure()
#7 /home/efren/Documentos/Proyectos_php/miPrimerWeb/vendor/laravel/framework/src/Illuminate/Container/BoundMethod.php(37): Illuminate\\Container\\BoundMethod::callBoundMethod()
#8 /home/efren/Documentos/Proyectos_php/miPrimerWeb/vendor/laravel/framework/src/Illuminate/Container/Container.php(653): Illuminate\\Container\\BoundMethod::call()
#9 /home/efren/Documentos/Proyectos_php/miPrimerWeb/vendor/laravel/framework/src/Illuminate/Foundation/Support/Providers/RouteServiceProvider.php(120): Illuminate\\Container\\Container->call()
#10 /home/efren/Documentos/Proyectos_php/miPrimerWeb/vendor/laravel/framework/src/Illuminate/Foundation/Support/Providers/RouteServiceProvider.php(45): Illuminate\\Foundation\\Support\\Providers\\RouteServiceProvider->loadRoutes()
#11 /home/efren/Documentos/Proyectos_php/miPrimerWeb/vendor/laravel/framework/src/Illuminate/Container/BoundMethod.php(36): Illuminate\\Foundation\\Support\\Providers\\RouteServiceProvider->Illuminate\\Foundation\\Support\\Providers\\{closure}()
#12 /home/efren/Documentos/Proyectos_php/miPrimerWeb/vendor/laravel/framework/src/Illuminate/Container/Util.php(40): Illuminate\\Container\\BoundMethod::Illuminate\\Container\\{closure}()
#13 /home/efren/Documentos/Proyectos_php/miPrimerWeb/vendor/laravel/framework/src/Illuminate/Container/BoundMethod.php(81): Illuminate\\Container\\Util::unwrapIfClosure()
#14 /home/efren/Documentos/Proyectos_php/miPrimerWeb/vendor/laravel/framework/src/Illuminate/Container/BoundMethod.php(37): Illuminate\\Container\\BoundMethod::callBoundMethod()
#15 /home/efren/Documentos/Proyectos_php/miPrimerWeb/vendor/laravel/framework/src/Illuminate/Container/Container.php(653): Illuminate\\Container\\BoundMethod::call()
#16 /home/efren/Documentos/Proyectos_php/miPrimerWeb/vendor/laravel/framework/src/Illuminate/Support/ServiceProvider.php(119): Illuminate\\Container\\Container->call()
#17 /home/efren/Documentos/Proyectos_php/miPrimerWeb/vendor/laravel/framework/src/Illuminate/Foundation/Application.php(927): Illuminate\\Support\\ServiceProvider->callBootedCallbacks()
#18 /home/efren/Documentos/Proyectos_php/miPrimerWeb/vendor/laravel/framework/src/Illuminate/Foundation/Application.php(905): Illuminate\\Foundation\\Application->bootProvider()
#19 [internal function]: Illuminate\\Foundation\\Application->Illuminate\\Foundation\\{closure}()
#20 /home/efren/Documentos/Proyectos_php/miPrimerWeb/vendor/laravel/framework/src/Illuminate/Foundation/Application.php(906): array_walk()
#21 /home/efren/Documentos/Proyectos_php/miPrimerWeb/vendor/laravel/framework/src/Illuminate/Foundation/Bootstrap/BootProviders.php(17): Illuminate\\Foundation\\Application->boot()
#22 /home/efren/Documentos/Proyectos_php/miPrimerWeb/vendor/laravel/framework/src/Illuminate/Foundation/Application.php(237): Illuminate\\Foundation\\Bootstrap\\BootProviders->bootstrap()
#23 /home/efren/Documentos/Proyectos_php/miPrimerWeb/vendor/laravel/framework/src/Illuminate/Foundation/Http/Kernel.php(153): Illuminate\\Foundation\\Application->bootstrapWith()
#24 /home/efren/Documentos/Proyectos_php/miPrimerWeb/vendor/laravel/framework/src/Illuminate/Foundation/Http/Kernel.php(137): Illuminate\\Foundation\\Http\\Kernel->bootstrap()
#25 /home/efren/Documentos/Proyectos_php/miPrimerWeb/vendor/laravel/framework/src/Illuminate/Foundation/Http/Kernel.php(111): Illuminate\\Foundation\\Http\\Kernel->sendRequestThroughRouter()
#26 /home/efren/Documentos/Proyectos_php/miPrimerWeb/public/index.php(52): Illuminate\\Foundation\\Http\\Kernel->handle()
#27 /home/efren/Documentos/Proyectos_php/miPrimerWeb/server.php(21): require_once('/home/efren/Doc...')
#28 {main}
"} 
[2022-04-04 13:40:47] local.ERROR: syntax error, unexpected end of file {"exception":"[object] (ParseError(code: 0): syntax error, unexpected end of file at /home/efren/Documentos/Proyectos_php/miPrimerWeb/routes/web.php:25)
[stacktrace]
#0 /home/efren/Documentos/Proyectos_php/miPrimerWeb/vendor/laravel/framework/src/Illuminate/Routing/Router.php(425): Illuminate\\Routing\\RouteFileRegistrar->register()
#1 /home/efren/Documentos/Proyectos_php/miPrimerWeb/vendor/laravel/framework/src/Illuminate/Routing/Router.php(382): Illuminate\\Routing\\Router->loadRoutes()
#2 /home/efren/Documentos/Proyectos_php/miPrimerWeb/vendor/laravel/framework/src/Illuminate/Routing/RouteRegistrar.php(163): Illuminate\\Routing\\Router->group()
#3 /home/efren/Documentos/Proyectos_php/miPrimerWeb/app/Providers/RouteServiceProvider.php(48): Illuminate\\Routing\\RouteRegistrar->group()
#4 /home/efren/Documentos/Proyectos_php/miPrimerWeb/vendor/laravel/framework/src/Illuminate/Container/BoundMethod.php(36): App\\Providers\\RouteServiceProvider->App\\Providers\\{closure}()
#5 /home/efren/Documentos/Proyectos_php/miPrimerWeb/vendor/laravel/framework/src/Illuminate/Container/Util.php(40): Illuminate\\Container\\BoundMethod::Illuminate\\Container\\{closure}()
#6 /home/efren/Documentos/Proyectos_php/miPrimerWeb/vendor/laravel/framework/src/Illuminate/Container/BoundMethod.php(81): Illuminate\\Container\\Util::unwrapIfClosure()
#7 /home/efren/Documentos/Proyectos_php/miPrimerWeb/vendor/laravel/framework/src/Illuminate/Container/BoundMethod.php(37): Illuminate\\Container\\BoundMethod::callBoundMethod()
#8 /home/efren/Documentos/Proyectos_php/miPrimerWeb/vendor/laravel/framework/src/Illuminate/Container/Container.php(653): Illuminate\\Container\\BoundMethod::call()
#9 /home/efren/Documentos/Proyectos_php/miPrimerWeb/vendor/laravel/framework/src/Illuminate/Foundation/Support/Providers/RouteServiceProvider.php(120): Illuminate\\Container\\Container->call()
#10 /home/efren/Documentos/Proyectos_php/miPrimerWeb/vendor/laravel/framework/src/Illuminate/Foundation/Support/Providers/RouteServiceProvider.php(45): Illuminate\\Foundation\\Support\\Providers\\RouteServiceProvider->loadRoutes()
#11 /home/efren/Documentos/Proyectos_php/miPrimerWeb/vendor/laravel/framework/src/Illuminate/Container/BoundMethod.php(36): Illuminate\\Foundation\\Support\\Providers\\RouteServiceProvider->Illuminate\\Foundation\\Support\\Providers\\{closure}()
#12 /home/efren/Documentos/Proyectos_php/miPrimerWeb/vendor/laravel/framework/src/Illuminate/Container/Util.php(40): Illuminate\\Container\\BoundMethod::Illuminate\\Container\\{closure}()
#13 /home/efren/Documentos/Proyectos_php/miPrimerWeb/vendor/laravel/framework/src/Illuminate/Container/BoundMethod.php(81): Illuminate\\Container\\Util::unwrapIfClosure()
#14 /home/efren/Documentos/Proyectos_php/miPrimerWeb/vendor/laravel/framework/src/Illuminate/Container/BoundMethod.php(37): Illuminate\\Container\\BoundMethod::callBoundMethod()
#15 /home/efren/Documentos/Proyectos_php/miPrimerWeb/vendor/laravel/framework/src/Illuminate/Container/Container.php(653): Illuminate\\Container\\BoundMethod::call()
#16 /home/efren/Documentos/Proyectos_php/miPrimerWeb/vendor/laravel/framework/src/Illuminate/Support/ServiceProvider.php(119): Illuminate\\Container\\Container->call()
#17 /home/efren/Documentos/Proyectos_php/miPrimerWeb/vendor/laravel/framework/src/Illuminate/Foundation/Application.php(927): Illuminate\\Support\\ServiceProvider->callBootedCallbacks()
#18 /home/efren/Documentos/Proyectos_php/miPrimerWeb/vendor/laravel/framework/src/Illuminate/Foundation/Application.php(905): Illuminate\\Foundation\\Application->bootProvider()
#19 [internal function]: Illuminate\\Foundation\\Application->Illuminate\\Foundation\\{closure}()
#20 /home/efren/Documentos/Proyectos_php/miPrimerWeb/vendor/laravel/framework/src/Illuminate/Foundation/Application.php(906): array_walk()
#21 /home/efren/Documentos/Proyectos_php/miPrimerWeb/vendor/laravel/framework/src/Illuminate/Foundation/Bootstrap/BootProviders.php(17): Illuminate\\Foundation\\Application->boot()
#22 /home/efren/Documentos/Proyectos_php/miPrimerWeb/vendor/laravel/framework/src/Illuminate/Foundation/Application.php(237): Illuminate\\Foundation\\Bootstrap\\BootProviders->bootstrap()
#23 /home/efren/Documentos/Proyectos_php/miPrimerWeb/vendor/laravel/framework/src/Illuminate/Foundation/Http/Kernel.php(153): Illuminate\\Foundation\\Application->bootstrapWith()
#24 /home/efren/Documentos/Proyectos_php/miPrimerWeb/vendor/laravel/framework/src/Illuminate/Foundation/Http/Kernel.php(137): Illuminate\\Foundation\\Http\\Kernel->bootstrap()
#25 /home/efren/Documentos/Proyectos_php/miPrimerWeb/vendor/laravel/framework/src/Illuminate/Foundation/Http/Kernel.php(111): Illuminate\\Foundation\\Http\\Kernel->sendRequestThroughRouter()
#26 /home/efren/Documentos/Proyectos_php/miPrimerWeb/public/index.php(52): Illuminate\\Foundation\\Http\\Kernel->handle()
#27 /home/efren/Documentos/Proyectos_php/miPrimerWeb/server.php(21): require_once('/home/efren/Doc...')
#28 {main}
"} 
[2022-04-04 13:41:17] local.ERROR: syntax error, unexpected end of file {"exception":"[object] (ParseError(code: 0): syntax error, unexpected end of file at /home/efren/Documentos/Proyectos_php/miPrimerWeb/routes/web.php:25)
[stacktrace]
#0 /home/efren/Documentos/Proyectos_php/miPrimerWeb/vendor/laravel/framework/src/Illuminate/Routing/Router.php(425): Illuminate\\Routing\\RouteFileRegistrar->register()
#1 /home/efren/Documentos/Proyectos_php/miPrimerWeb/vendor/laravel/framework/src/Illuminate/Routing/Router.php(382): Illuminate\\Routing\\Router->loadRoutes()
#2 /home/efren/Documentos/Proyectos_php/miPrimerWeb/vendor/laravel/framework/src/Illuminate/Routing/RouteRegistrar.php(163): Illuminate\\Routing\\Router->group()
#3 /home/efren/Documentos/Proyectos_php/miPrimerWeb/app/Providers/RouteServiceProvider.php(48): Illuminate\\Routing\\RouteRegistrar->group()
#4 /home/efren/Documentos/Proyectos_php/miPrimerWeb/vendor/laravel/framework/src/Illuminate/Container/BoundMethod.php(36): App\\Providers\\RouteServiceProvider->App\\Providers\\{closure}()
#5 /home/efren/Documentos/Proyectos_php/miPrimerWeb/vendor/laravel/framework/src/Illuminate/Container/Util.php(40): Illuminate\\Container\\BoundMethod::Illuminate\\Container\\{closure}()
#6 /home/efren/Documentos/Proyectos_php/miPrimerWeb/vendor/laravel/framework/src/Illuminate/Container/BoundMethod.php(81): Illuminate\\Container\\Util::unwrapIfClosure()
#7 /home/efren/Documentos/Proyectos_php/miPrimerWeb/vendor/laravel/framework/src/Illuminate/Container/BoundMethod.php(37): Illuminate\\Container\\BoundMethod::callBoundMethod()
#8 /home/efren/Documentos/Proyectos_php/miPrimerWeb/vendor/laravel/framework/src/Illuminate/Container/Container.php(653): Illuminate\\Container\\BoundMethod::call()
#9 /home/efren/Documentos/Proyectos_php/miPrimerWeb/vendor/laravel/framework/src/Illuminate/Foundation/Support/Providers/RouteServiceProvider.php(120): Illuminate\\Container\\Container->call()
#10 /home/efren/Documentos/Proyectos_php/miPrimerWeb/vendor/laravel/framework/src/Illuminate/Foundation/Support/Providers/RouteServiceProvider.php(45): Illuminate\\Foundation\\Support\\Providers\\RouteServiceProvider->loadRoutes()
#11 /home/efren/Documentos/Proyectos_php/miPrimerWeb/vendor/laravel/framework/src/Illuminate/Container/BoundMethod.php(36): Illuminate\\Foundation\\Support\\Providers\\RouteServiceProvider->Illuminate\\Foundation\\Support\\Providers\\{closure}()
#12 /home/efren/Documentos/Proyectos_php/miPrimerWeb/vendor/laravel/framework/src/Illuminate/Container/Util.php(40): Illuminate\\Container\\BoundMethod::Illuminate\\Container\\{closure}()
#13 /home/efren/Documentos/Proyectos_php/miPrimerWeb/vendor/laravel/framework/src/Illuminate/Container/BoundMethod.php(81): Illuminate\\Container\\Util::unwrapIfClosure()
#14 /home/efren/Documentos/Proyectos_php/miPrimerWeb/vendor/laravel/framework/src/Illuminate/Container/BoundMethod.php(37): Illuminate\\Container\\BoundMethod::callBoundMethod()
#15 /home/efren/Documentos/Proyectos_php/miPrimerWeb/vendor/laravel/framework/src/Illuminate/Container/Container.php(653): Illuminate\\Container\\BoundMethod::call()
#16 /home/efren/Documentos/Proyectos_php/miPrimerWeb/vendor/laravel/framework/src/Illuminate/Support/ServiceProvider.php(119): Illuminate\\Container\\Container->call()
#17 /home/efren/Documentos/Proyectos_php/miPrimerWeb/vendor/laravel/framework/src/Illuminate/Foundation/Application.php(927): Illuminate\\Support\\ServiceProvider->callBootedCallbacks()
#18 /home/efren/Documentos/Proyectos_php/miPrimerWeb/vendor/laravel/framework/src/Illuminate/Foundation/Application.php(905): Illuminate\\Foundation\\Application->bootProvider()
#19 [internal function]: Illuminate\\Foundation\\Application->Illuminate\\Foundation\\{closure}()
#20 /home/efren/Documentos/Proyectos_php/miPrimerWeb/vendor/laravel/framework/src/Illuminate/Foundation/Application.php(906): array_walk()
#21 /home/efren/Documentos/Proyectos_php/miPrimerWeb/vendor/laravel/framework/src/Illuminate/Foundation/Bootstrap/BootProviders.php(17): Illuminate\\Foundation\\Application->boot()
#22 /home/efren/Documentos/Proyectos_php/miPrimerWeb/vendor/laravel/framework/src/Illuminate/Foundation/Application.php(237): Illuminate\\Foundation\\Bootstrap\\BootProviders->bootstrap()
#23 /home/efren/Documentos/Proyectos_php/miPrimerWeb/vendor/laravel/framework/src/Illuminate/Foundation/Http/Kernel.php(153): Illuminate\\Foundation\\Application->bootstrapWith()
#24 /home/efren/Documentos/Proyectos_php/miPrimerWeb/vendor/laravel/framework/src/Illuminate/Foundation/Http/Kernel.php(137): Illuminate\\Foundation\\Http\\Kernel->bootstrap()
#25 /home/efren/Documentos/Proyectos_php/miPrimerWeb/vendor/laravel/framework/src/Illuminate/Foundation/Http/Kernel.php(111): Illuminate\\Foundation\\Http\\Kernel->sendRequestThroughRouter()
#26 /home/efren/Documentos/Proyectos_php/miPrimerWeb/public/index.php(52): Illuminate\\Foundation\\Http\\Kernel->handle()
#27 /home/efren/Documentos/Proyectos_php/miPrimerWeb/server.php(21): require_once('/home/efren/Doc...')
#28 {main}
"} 
